Determining if the pthread_create exist failed with the following output:
Change Dir: /home/marco/drc/catkin_ws/drc_translators/build/CMakeFiles/CMakeTmp

Run Build Command:/usr/bin/make "cmTryCompileExec2320698559/fast"
/usr/bin/make -f CMakeFiles/cmTryCompileExec2320698559.dir/build.make CMakeFiles/cmTryCompileExec2320698559.dir/build
make[1]: Entering directory `/home/marco/drc/catkin_ws/drc_translators/build/CMakeFiles/CMakeTmp'
/usr/bin/cmake -E cmake_progress_report /home/marco/drc/catkin_ws/drc_translators/build/CMakeFiles/CMakeTmp/CMakeFiles 1
Building C object CMakeFiles/cmTryCompileExec2320698559.dir/CheckSymbolExists.c.o
/usr/bin/cc   -Wreturn-type -Wuninitialized -Wreturn-type -Wuninitialized -Wreturn-type -Wuninitialized     -o CMakeFiles/cmTryCompileExec2320698559.dir/CheckSymbolExists.c.o   -c /home/marco/drc/catkin_ws/drc_translators/build/CMakeFiles/CMakeTmp/CheckSymbolExists.c
Linking C executable cmTryCompileExec2320698559
/usr/bin/cmake -E cmake_link_script CMakeFiles/cmTryCompileExec2320698559.dir/link.txt --verbose=1
/usr/bin/cc   -Wreturn-type -Wuninitialized -Wreturn-type -Wuninitialized -Wreturn-type -Wuninitialized      CMakeFiles/cmTryCompileExec2320698559.dir/CheckSymbolExists.c.o  -o cmTryCompileExec2320698559 -rdynamic 
CMakeFiles/cmTryCompileExec2320698559.dir/CheckSymbolExists.c.o: In function `main':
CheckSymbolExists.c:(.text+0x16): undefined reference to `pthread_create'
collect2: error: ld returned 1 exit status
make[1]: *** [cmTryCompileExec2320698559] Error 1
make[1]: Leaving directory `/home/marco/drc/catkin_ws/drc_translators/build/CMakeFiles/CMakeTmp'
make: *** [cmTryCompileExec2320698559/fast] Error 2

File /home/marco/drc/catkin_ws/drc_translators/build/CMakeFiles/CMakeTmp/CheckSymbolExists.c:
/* */
#include <pthread.h>

int main(int argc, char** argv)
{
  (void)argv;
#ifndef pthread_create
  return ((int*)(&pthread_create))[argc];
#else
  (void)argc;
  return 0;
#endif
}

Determining if the function pthread_create exists in the pthreads failed with the following output:
Change Dir: /home/marco/drc/catkin_ws/drc_translators/build/CMakeFiles/CMakeTmp

Run Build Command:/usr/bin/make "cmTryCompileExec4033885379/fast"
/usr/bin/make -f CMakeFiles/cmTryCompileExec4033885379.dir/build.make CMakeFiles/cmTryCompileExec4033885379.dir/build
make[1]: Entering directory `/home/marco/drc/catkin_ws/drc_translators/build/CMakeFiles/CMakeTmp'
/usr/bin/cmake -E cmake_progress_report /home/marco/drc/catkin_ws/drc_translators/build/CMakeFiles/CMakeTmp/CMakeFiles 1
Building C object CMakeFiles/cmTryCompileExec4033885379.dir/CheckFunctionExists.c.o
/usr/bin/cc   -Wreturn-type -Wuninitialized -Wreturn-type -Wuninitialized -Wreturn-type -Wuninitialized  -DCHECK_FUNCTION_EXISTS=pthread_create   -o CMakeFiles/cmTryCompileExec4033885379.dir/CheckFunctionExists.c.o   -c /usr/share/cmake-2.8/Modules/CheckFunctionExists.c
Linking C executable cmTryCompileExec4033885379
/usr/bin/cmake -E cmake_link_script CMakeFiles/cmTryCompileExec4033885379.dir/link.txt --verbose=1
/usr/bin/cc   -Wreturn-type -Wuninitialized -Wreturn-type -Wuninitialized -Wreturn-type -Wuninitialized  -DCHECK_FUNCTION_EXISTS=pthread_create    CMakeFiles/cmTryCompileExec4033885379.dir/CheckFunctionExists.c.o  -o cmTryCompileExec4033885379 -rdynamic -lpthreads 
/usr/bin/ld: cannot find -lpthreads
collect2: error: ld returned 1 exit status
make[1]: *** [cmTryCompileExec4033885379] Error 1
make[1]: Leaving directory `/home/marco/drc/catkin_ws/drc_translators/build/CMakeFiles/CMakeTmp'
make: *** [cmTryCompileExec4033885379/fast] Error 2


